[INFO] [2016-09-30 17:00:06][org.springframework.beans.factory.xml.XmlBeanDefinitionReader]Loading XML bean definitions from class path resource [spring-mybatis.xml]
 [INFO] [2016-09-30 17:00:07][org.springframework.context.support.GenericApplicationContext]Refreshing org.springframework.context.support.GenericApplicationContext@48e9f62: startup date [Fri Sep 30 17:00:07 CST 2016]; root of context hierarchy
 [INFO] [2016-09-30 17:00:07][org.springframework.beans.factory.config.PropertyPlaceholderConfigurer]Loading properties file from class path resource [jdbc.properties]
 [INFO] [2016-09-30 17:00:07][org.springframework.beans.factory.annotation.AutowiredAnnotationBeanPostProcessor]JSR-330 'javax.inject.Inject' annotation found and supported for autowiring
 [INFO] [2016-09-30 17:00:08][org.springframework.context.support.GenericApplicationContext]Closing org.springframework.context.support.GenericApplicationContext@48e9f62: startup date [Fri Sep 30 17:00:07 CST 2016]; root of context hierarchy
 [INFO] [2016-09-30 17:13:46][org.springframework.beans.factory.xml.XmlBeanDefinitionReader]Loading XML bean definitions from class path resource [spring-mybatis.xml]
 [INFO] [2016-09-30 17:13:46][org.springframework.context.support.GenericApplicationContext]Refreshing org.springframework.context.support.GenericApplicationContext@2f81dd44: startup date [Fri Sep 30 17:13:46 CST 2016]; root of context hierarchy
 [INFO] [2016-09-30 17:13:46][org.springframework.beans.factory.config.PropertyPlaceholderConfigurer]Loading properties file from class path resource [jdbc.properties]
 [INFO] [2016-09-30 17:13:46][org.springframework.beans.factory.annotation.AutowiredAnnotationBeanPostProcessor]JSR-330 'javax.inject.Inject' annotation found and supported for autowiring
 [INFO] [2016-09-30 17:13:47][org.springframework.context.support.GenericApplicationContext]Closing org.springframework.context.support.GenericApplicationContext@2f81dd44: startup date [Fri Sep 30 17:13:46 CST 2016]; root of context hierarchy
 [INFO] [2016-09-30 17:19:33][org.springframework.beans.factory.xml.XmlBeanDefinitionReader]Loading XML bean definitions from class path resource [spring-mybatis.xml]
 [INFO] [2016-09-30 17:19:33][org.springframework.context.support.GenericApplicationContext]Refreshing org.springframework.context.support.GenericApplicationContext@6581305e: startup date [Fri Sep 30 17:19:33 CST 2016]; root of context hierarchy
 [INFO] [2016-09-30 17:19:33][org.springframework.beans.factory.config.PropertyPlaceholderConfigurer]Loading properties file from class path resource [jdbc.properties]
 [INFO] [2016-09-30 17:19:33][org.springframework.beans.factory.annotation.AutowiredAnnotationBeanPostProcessor]JSR-330 'javax.inject.Inject' annotation found and supported for autowiring
 [INFO] [2016-09-30 17:19:34][org.springframework.beans.factory.xml.XmlBeanDefinitionReader]Loading XML bean definitions from class path resource [org/springframework/jdbc/support/sql-error-codes.xml]
 [INFO] [2016-09-30 17:19:34][org.springframework.jdbc.support.SQLErrorCodesFactory]SQLErrorCodes loaded: [DB2, Derby, H2, HSQL, Informix, MS-SQL, MySQL, Oracle, PostgreSQL, Sybase]
 [INFO] [2016-09-30 17:19:34][org.springframework.context.support.GenericApplicationContext]Closing org.springframework.context.support.GenericApplicationContext@6581305e: startup date [Fri Sep 30 17:19:33 CST 2016]; root of context hierarchy
 [INFO] [2016-09-30 17:21:16][org.springframework.beans.factory.xml.XmlBeanDefinitionReader]Loading XML bean definitions from class path resource [spring-mybatis.xml]
 [INFO] [2016-09-30 17:21:16][org.springframework.context.support.GenericApplicationContext]Refreshing org.springframework.context.support.GenericApplicationContext@48e9f62: startup date [Fri Sep 30 17:21:16 CST 2016]; root of context hierarchy
 [INFO] [2016-09-30 17:21:16][org.springframework.beans.factory.config.PropertyPlaceholderConfigurer]Loading properties file from class path resource [jdbc.properties]
 [INFO] [2016-09-30 17:21:16][org.springframework.beans.factory.annotation.AutowiredAnnotationBeanPostProcessor]JSR-330 'javax.inject.Inject' annotation found and supported for autowiring
 [INFO] [2016-09-30 17:21:17][com.test.TestMyBatis]{"id":1,"name":"hanweimin","pwd":"4QrcOUm6Wau+VuBX8g+IPg==","role":"admin"}
 [INFO] [2016-09-30 17:21:17][org.springframework.context.support.GenericApplicationContext]Closing org.springframework.context.support.GenericApplicationContext@48e9f62: startup date [Fri Sep 30 17:21:16 CST 2016]; root of context hierarchy
 [INFO] [2016-10-07 18:46:20][org.springframework.web.context.ContextLoader]Root WebApplicationContext: initialization started
 [INFO] [2016-10-07 18:46:20][org.springframework.web.context.support.XmlWebApplicationContext]Refreshing Root WebApplicationContext: startup date [Fri Oct 07 18:46:20 CST 2016]; root of context hierarchy
 [INFO] [2016-10-07 18:46:20][org.springframework.beans.factory.xml.XmlBeanDefinitionReader]Loading XML bean definitions from class path resource [spring-mybatis.xml]
 [INFO] [2016-10-07 18:46:20][org.springframework.beans.factory.config.PropertyPlaceholderConfigurer]Loading properties file from class path resource [jdbc.properties]
 [INFO] [2016-10-07 18:46:20][org.springframework.beans.factory.annotation.AutowiredAnnotationBeanPostProcessor]JSR-330 'javax.inject.Inject' annotation found and supported for autowiring
 [INFO] [2016-10-07 18:46:21][org.springframework.web.context.ContextLoader]Root WebApplicationContext: initialization completed in 1318 ms
 [INFO] [2016-10-07 18:46:21][org.springframework.web.servlet.DispatcherServlet]FrameworkServlet 'SpringMVC': initialization started
 [INFO] [2016-10-07 18:46:21][org.springframework.web.context.support.XmlWebApplicationContext]Refreshing WebApplicationContext for namespace 'SpringMVC-servlet': startup date [Fri Oct 07 18:46:21 CST 2016]; parent: Root WebApplicationContext
 [INFO] [2016-10-07 18:46:21][org.springframework.beans.factory.xml.XmlBeanDefinitionReader]Loading XML bean definitions from class path resource [spring-mvc.xml]
 [INFO] [2016-10-07 18:46:21][org.springframework.beans.factory.annotation.AutowiredAnnotationBeanPostProcessor]JSR-330 'javax.inject.Inject' annotation found and supported for autowiring
 [INFO] [2016-10-07 18:46:22][org.springframework.web.servlet.DispatcherServlet]FrameworkServlet 'SpringMVC': initialization completed in 646 ms
 [INFO] [2016-10-07 19:37:55][org.springframework.web.context.ContextLoader]Root WebApplicationContext: initialization started
 [INFO] [2016-10-07 19:37:55][org.springframework.web.context.support.XmlWebApplicationContext]Refreshing Root WebApplicationContext: startup date [Fri Oct 07 19:37:55 CST 2016]; root of context hierarchy
 [INFO] [2016-10-07 19:37:55][org.springframework.beans.factory.xml.XmlBeanDefinitionReader]Loading XML bean definitions from class path resource [spring-mybatis.xml]
 [INFO] [2016-10-07 19:37:55][org.springframework.beans.factory.config.PropertyPlaceholderConfigurer]Loading properties file from class path resource [jdbc.properties]
 [INFO] [2016-10-07 19:37:55][org.springframework.beans.factory.annotation.AutowiredAnnotationBeanPostProcessor]JSR-330 'javax.inject.Inject' annotation found and supported for autowiring
 [INFO] [2016-10-07 19:37:55][org.springframework.web.context.ContextLoader]Root WebApplicationContext: initialization completed in 692 ms
 [INFO] [2016-10-07 19:37:55][org.springframework.web.servlet.DispatcherServlet]FrameworkServlet 'SpringMVC': initialization started
 [INFO] [2016-10-07 19:37:55][org.springframework.web.context.support.XmlWebApplicationContext]Refreshing WebApplicationContext for namespace 'SpringMVC-servlet': startup date [Fri Oct 07 19:37:55 CST 2016]; parent: Root WebApplicationContext
 [INFO] [2016-10-07 19:37:55][org.springframework.beans.factory.xml.XmlBeanDefinitionReader]Loading XML bean definitions from class path resource [spring-mvc.xml]
 [INFO] [2016-10-07 19:37:55][org.springframework.beans.factory.annotation.AutowiredAnnotationBeanPostProcessor]JSR-330 'javax.inject.Inject' annotation found and supported for autowiring
 [INFO] [2016-10-07 19:37:56][org.springframework.web.servlet.DispatcherServlet]FrameworkServlet 'SpringMVC': initialization completed in 387 ms
 [WARN] [2016-10-07 19:38:47][org.springframework.web.servlet.PageNotFound]No mapping found for HTTP request with URI [/storm/user/showUser] in DispatcherServlet with name 'SpringMVC'
 [WARN] [2016-10-07 19:43:22][org.springframework.web.servlet.PageNotFound]No mapping found for HTTP request with URI [/storm/user/showUser] in DispatcherServlet with name 'SpringMVC'
 [INFO] [2016-10-07 19:43:46][org.springframework.web.context.ContextLoader]Root WebApplicationContext: initialization started
 [INFO] [2016-10-07 19:43:46][org.springframework.web.context.support.XmlWebApplicationContext]Refreshing Root WebApplicationContext: startup date [Fri Oct 07 19:43:46 CST 2016]; root of context hierarchy
 [INFO] [2016-10-07 19:43:46][org.springframework.beans.factory.xml.XmlBeanDefinitionReader]Loading XML bean definitions from class path resource [spring-mybatis.xml]
 [INFO] [2016-10-07 19:43:47][org.springframework.beans.factory.config.PropertyPlaceholderConfigurer]Loading properties file from class path resource [jdbc.properties]
 [INFO] [2016-10-07 19:43:47][org.springframework.beans.factory.annotation.AutowiredAnnotationBeanPostProcessor]JSR-330 'javax.inject.Inject' annotation found and supported for autowiring
 [INFO] [2016-10-07 19:43:47][org.springframework.web.context.ContextLoader]Root WebApplicationContext: initialization completed in 676 ms
 [INFO] [2016-10-07 19:43:47][org.springframework.web.servlet.DispatcherServlet]FrameworkServlet 'SpringMVC': initialization started
 [INFO] [2016-10-07 19:43:47][org.springframework.web.context.support.XmlWebApplicationContext]Refreshing WebApplicationContext for namespace 'SpringMVC-servlet': startup date [Fri Oct 07 19:43:47 CST 2016]; parent: Root WebApplicationContext
 [INFO] [2016-10-07 19:43:47][org.springframework.beans.factory.xml.XmlBeanDefinitionReader]Loading XML bean definitions from class path resource [spring-mvc.xml]
 [INFO] [2016-10-07 19:43:47][org.springframework.beans.factory.annotation.AutowiredAnnotationBeanPostProcessor]JSR-330 'javax.inject.Inject' annotation found and supported for autowiring
 [INFO] [2016-10-07 19:43:48][org.springframework.web.servlet.DispatcherServlet]FrameworkServlet 'SpringMVC': initialization completed in 422 ms
 [WARN] [2016-10-07 19:44:00][org.springframework.web.servlet.PageNotFound]No mapping found for HTTP request with URI [/storm/user/showUser] in DispatcherServlet with name 'SpringMVC'
 [WARN] [2016-10-07 19:47:48][org.springframework.web.servlet.PageNotFound]No mapping found for HTTP request with URI [/storm/user/showUser] in DispatcherServlet with name 'SpringMVC'
 [WARN] [2016-10-07 19:47:50][org.springframework.web.servlet.PageNotFound]No mapping found for HTTP request with URI [/storm/user/showUser] in DispatcherServlet with name 'SpringMVC'
 [WARN] [2016-10-07 19:49:34][org.springframework.web.servlet.PageNotFound]No mapping found for HTTP request with URI [/storm/user/showUser] in DispatcherServlet with name 'SpringMVC'
 [INFO] [2016-10-08 09:17:42][org.springframework.web.context.ContextLoader]Root WebApplicationContext: initialization started
 [INFO] [2016-10-08 09:17:42][org.springframework.web.context.support.XmlWebApplicationContext]Refreshing Root WebApplicationContext: startup date [Sat Oct 08 09:17:42 CST 2016]; root of context hierarchy
 [INFO] [2016-10-08 09:17:42][org.springframework.beans.factory.xml.XmlBeanDefinitionReader]Loading XML bean definitions from class path resource [spring-mybatis.xml]
 [INFO] [2016-10-08 09:17:42][org.springframework.beans.factory.config.PropertyPlaceholderConfigurer]Loading properties file from class path resource [jdbc.properties]
 [INFO] [2016-10-08 09:17:42][org.springframework.beans.factory.annotation.AutowiredAnnotationBeanPostProcessor]JSR-330 'javax.inject.Inject' annotation found and supported for autowiring
 [INFO] [2016-10-08 09:17:43][org.springframework.web.context.ContextLoader]Root WebApplicationContext: initialization completed in 816 ms
 [INFO] [2016-10-08 09:17:43][org.springframework.web.servlet.DispatcherServlet]FrameworkServlet 'SpringMVC': initialization started
 [INFO] [2016-10-08 09:17:43][org.springframework.web.context.support.XmlWebApplicationContext]Refreshing WebApplicationContext for namespace 'SpringMVC-servlet': startup date [Sat Oct 08 09:17:43 CST 2016]; parent: Root WebApplicationContext
 [INFO] [2016-10-08 09:17:43][org.springframework.beans.factory.xml.XmlBeanDefinitionReader]Loading XML bean definitions from class path resource [spring-mvc.xml]
 [INFO] [2016-10-08 09:17:43][org.springframework.beans.factory.annotation.AutowiredAnnotationBeanPostProcessor]JSR-330 'javax.inject.Inject' annotation found and supported for autowiring
 [INFO] [2016-10-08 09:17:43][org.springframework.web.servlet.DispatcherServlet]FrameworkServlet 'SpringMVC': initialization completed in 617 ms
 [WARN] [2016-10-08 09:18:17][org.springframework.web.servlet.PageNotFound]No mapping found for HTTP request with URI [/storm/user/showUser] in DispatcherServlet with name 'SpringMVC'
 [WARN] [2016-10-08 09:25:51][org.springframework.web.servlet.PageNotFound]No mapping found for HTTP request with URI [/storm/user/showUser] in DispatcherServlet with name 'SpringMVC'
 [WARN] [2016-10-08 09:25:53][org.springframework.web.servlet.PageNotFound]No mapping found for HTTP request with URI [/storm/user/showUser] in DispatcherServlet with name 'SpringMVC'
 [INFO] [2016-10-08 10:20:46][org.springframework.web.context.ContextLoader]Root WebApplicationContext: initialization started
 [INFO] [2016-10-08 10:20:46][org.springframework.web.context.support.XmlWebApplicationContext]Refreshing Root WebApplicationContext: startup date [Sat Oct 08 10:20:46 CST 2016]; root of context hierarchy
 [INFO] [2016-10-08 10:20:46][org.springframework.beans.factory.xml.XmlBeanDefinitionReader]Loading XML bean definitions from class path resource [spring-mybatis.xml]
 [INFO] [2016-10-08 10:20:47][org.springframework.beans.factory.config.PropertyPlaceholderConfigurer]Loading properties file from class path resource [jdbc.properties]
 [INFO] [2016-10-08 10:20:47][org.springframework.beans.factory.annotation.AutowiredAnnotationBeanPostProcessor]JSR-330 'javax.inject.Inject' annotation found and supported for autowiring
 [INFO] [2016-10-08 10:20:47][org.springframework.web.context.ContextLoader]Root WebApplicationContext: initialization completed in 778 ms
 [INFO] [2016-10-08 10:20:47][org.springframework.web.servlet.DispatcherServlet]FrameworkServlet 'SpringMVC': initialization started
 [INFO] [2016-10-08 10:20:47][org.springframework.web.context.support.XmlWebApplicationContext]Refreshing WebApplicationContext for namespace 'SpringMVC-servlet': startup date [Sat Oct 08 10:20:47 CST 2016]; parent: Root WebApplicationContext
 [INFO] [2016-10-08 10:20:47][org.springframework.beans.factory.xml.XmlBeanDefinitionReader]Loading XML bean definitions from class path resource [spring-mvc.xml]
 [INFO] [2016-10-08 10:20:47][org.springframework.beans.factory.annotation.AutowiredAnnotationBeanPostProcessor]JSR-330 'javax.inject.Inject' annotation found and supported for autowiring
 [INFO] [2016-10-08 10:20:48][org.springframework.web.servlet.DispatcherServlet]FrameworkServlet 'SpringMVC': initialization completed in 407 ms
 [INFO] [2016-10-08 10:27:05][org.springframework.web.context.ContextLoader]Root WebApplicationContext: initialization started
 [INFO] [2016-10-08 10:27:05][org.springframework.web.context.support.XmlWebApplicationContext]Refreshing Root WebApplicationContext: startup date [Sat Oct 08 10:27:05 CST 2016]; root of context hierarchy
 [INFO] [2016-10-08 10:27:05][org.springframework.beans.factory.xml.XmlBeanDefinitionReader]Loading XML bean definitions from class path resource [spring-mybatis.xml]
 [INFO] [2016-10-08 10:27:05][org.springframework.beans.factory.config.PropertyPlaceholderConfigurer]Loading properties file from class path resource [jdbc.properties]
 [INFO] [2016-10-08 10:27:05][org.springframework.beans.factory.annotation.AutowiredAnnotationBeanPostProcessor]JSR-330 'javax.inject.Inject' annotation found and supported for autowiring
 [INFO] [2016-10-08 10:27:06][org.springframework.web.context.ContextLoader]Root WebApplicationContext: initialization completed in 745 ms
 [INFO] [2016-10-08 10:27:06][org.springframework.web.servlet.DispatcherServlet]FrameworkServlet 'SpringMVC': initialization started
 [INFO] [2016-10-08 10:27:06][org.springframework.web.context.support.XmlWebApplicationContext]Refreshing WebApplicationContext for namespace 'SpringMVC-servlet': startup date [Sat Oct 08 10:27:06 CST 2016]; parent: Root WebApplicationContext
 [INFO] [2016-10-08 10:27:06][org.springframework.beans.factory.xml.XmlBeanDefinitionReader]Loading XML bean definitions from class path resource [spring-mvc.xml]
 [INFO] [2016-10-08 10:27:06][org.springframework.beans.factory.annotation.AutowiredAnnotationBeanPostProcessor]JSR-330 'javax.inject.Inject' annotation found and supported for autowiring
 [INFO] [2016-10-08 10:27:06][org.springframework.web.servlet.DispatcherServlet]FrameworkServlet 'SpringMVC': initialization completed in 412 ms
 [WARN] [2016-10-08 10:28:53][org.springframework.web.servlet.PageNotFound]No mapping found for HTTP request with URI [/storm/user/showUser] in DispatcherServlet with name 'SpringMVC'
 [WARN] [2016-10-08 10:28:56][org.springframework.web.servlet.PageNotFound]No mapping found for HTTP request with URI [/storm/user/showUser] in DispatcherServlet with name 'SpringMVC'
 [INFO] [2016-10-08 10:31:47][org.springframework.web.context.ContextLoader]Root WebApplicationContext: initialization started
 [INFO] [2016-10-08 10:31:47][org.springframework.web.context.support.XmlWebApplicationContext]Refreshing Root WebApplicationContext: startup date [Sat Oct 08 10:31:47 CST 2016]; root of context hierarchy
 [INFO] [2016-10-08 10:31:47][org.springframework.beans.factory.xml.XmlBeanDefinitionReader]Loading XML bean definitions from class path resource [spring-mybatis.xml]
 [INFO] [2016-10-08 10:31:48][org.springframework.beans.factory.config.PropertyPlaceholderConfigurer]Loading properties file from class path resource [jdbc.properties]
 [INFO] [2016-10-08 10:31:48][org.springframework.beans.factory.annotation.AutowiredAnnotationBeanPostProcessor]JSR-330 'javax.inject.Inject' annotation found and supported for autowiring
 [INFO] [2016-10-08 10:31:48][org.springframework.web.context.ContextLoader]Root WebApplicationContext: initialization completed in 688 ms
 [INFO] [2016-10-08 10:31:48][org.springframework.web.servlet.DispatcherServlet]FrameworkServlet 'SpringMVC': initialization started
 [INFO] [2016-10-08 10:31:48][org.springframework.web.context.support.XmlWebApplicationContext]Refreshing WebApplicationContext for namespace 'SpringMVC-servlet': startup date [Sat Oct 08 10:31:48 CST 2016]; parent: Root WebApplicationContext
 [INFO] [2016-10-08 10:31:48][org.springframework.beans.factory.xml.XmlBeanDefinitionReader]Loading XML bean definitions from class path resource [spring-mvc.xml]
 [INFO] [2016-10-08 10:31:48][org.springframework.beans.factory.annotation.AutowiredAnnotationBeanPostProcessor]JSR-330 'javax.inject.Inject' annotation found and supported for autowiring
 [INFO] [2016-10-08 10:31:48][org.springframework.web.servlet.DispatcherServlet]FrameworkServlet 'SpringMVC': initialization completed in 395 ms
 [WARN] [2016-10-08 10:31:58][org.springframework.web.servlet.PageNotFound]No mapping found for HTTP request with URI [/storm/user/showUser] in DispatcherServlet with name 'SpringMVC'
 [WARN] [2016-10-08 10:32:12][org.springframework.web.servlet.PageNotFound]No mapping found for HTTP request with URI [/storm/user/showUser] in DispatcherServlet with name 'SpringMVC'
 [WARN] [2016-10-08 10:32:12][org.springframework.web.servlet.PageNotFound]No mapping found for HTTP request with URI [/storm/user/showUser] in DispatcherServlet with name 'SpringMVC'
 [WARN] [2016-10-08 10:32:13][org.springframework.web.servlet.PageNotFound]No mapping found for HTTP request with URI [/storm/user/showUser] in DispatcherServlet with name 'SpringMVC'
 [WARN] [2016-10-08 10:32:13][org.springframework.web.servlet.PageNotFound]No mapping found for HTTP request with URI [/storm/user/showUser] in DispatcherServlet with name 'SpringMVC'
 [WARN] [2016-10-08 10:32:13][org.springframework.web.servlet.PageNotFound]No mapping found for HTTP request with URI [/storm/user/showUser] in DispatcherServlet with name 'SpringMVC'
 [INFO] [2016-10-08 10:36:47][org.springframework.web.context.ContextLoader]Root WebApplicationContext: initialization started
 [INFO] [2016-10-08 10:36:47][org.springframework.web.context.support.XmlWebApplicationContext]Refreshing Root WebApplicationContext: startup date [Sat Oct 08 10:36:47 CST 2016]; root of context hierarchy
 [INFO] [2016-10-08 10:36:47][org.springframework.beans.factory.xml.XmlBeanDefinitionReader]Loading XML bean definitions from class path resource [spring-mybatis.xml]
 [INFO] [2016-10-08 10:36:47][org.springframework.beans.factory.config.PropertyPlaceholderConfigurer]Loading properties file from class path resource [jdbc.properties]
 [INFO] [2016-10-08 10:36:47][org.springframework.beans.factory.annotation.AutowiredAnnotationBeanPostProcessor]JSR-330 'javax.inject.Inject' annotation found and supported for autowiring
 [INFO] [2016-10-08 10:36:48][org.springframework.web.context.ContextLoader]Root WebApplicationContext: initialization completed in 712 ms
 [INFO] [2016-10-08 10:36:48][org.springframework.web.servlet.DispatcherServlet]FrameworkServlet 'SpringMVC': initialization started
 [INFO] [2016-10-08 10:36:48][org.springframework.web.context.support.XmlWebApplicationContext]Refreshing WebApplicationContext for namespace 'SpringMVC-servlet': startup date [Sat Oct 08 10:36:48 CST 2016]; parent: Root WebApplicationContext
 [INFO] [2016-10-08 10:36:48][org.springframework.beans.factory.xml.XmlBeanDefinitionReader]Loading XML bean definitions from class path resource [spring-mvc.xml]
 [INFO] [2016-10-08 10:36:48][org.springframework.beans.factory.annotation.AutowiredAnnotationBeanPostProcessor]JSR-330 'javax.inject.Inject' annotation found and supported for autowiring
 [INFO] [2016-10-08 10:36:48][org.springframework.web.servlet.handler.SimpleUrlHandlerMapping]Mapped URL path [/**] onto handler 'org.springframework.web.servlet.resource.DefaultServletHttpRequestHandler#0'
 [INFO] [2016-10-08 10:36:48][org.springframework.web.servlet.DispatcherServlet]FrameworkServlet 'SpringMVC': initialization completed in 446 ms
 [INFO] [2016-10-08 10:40:41][org.springframework.web.context.ContextLoader]Root WebApplicationContext: initialization started
 [INFO] [2016-10-08 10:40:41][org.springframework.web.context.support.XmlWebApplicationContext]Refreshing Root WebApplicationContext: startup date [Sat Oct 08 10:40:41 CST 2016]; root of context hierarchy
 [INFO] [2016-10-08 10:40:41][org.springframework.beans.factory.xml.XmlBeanDefinitionReader]Loading XML bean definitions from class path resource [spring-mybatis.xml]
 [INFO] [2016-10-08 10:40:41][org.springframework.beans.factory.config.PropertyPlaceholderConfigurer]Loading properties file from class path resource [jdbc.properties]
 [INFO] [2016-10-08 10:40:41][org.springframework.beans.factory.annotation.AutowiredAnnotationBeanPostProcessor]JSR-330 'javax.inject.Inject' annotation found and supported for autowiring
 [INFO] [2016-10-08 10:40:42][org.springframework.web.context.ContextLoader]Root WebApplicationContext: initialization completed in 716 ms
 [INFO] [2016-10-08 10:40:42][org.springframework.web.servlet.DispatcherServlet]FrameworkServlet 'SpringMVC': initialization started
 [INFO] [2016-10-08 10:40:42][org.springframework.web.context.support.XmlWebApplicationContext]Refreshing WebApplicationContext for namespace 'SpringMVC-servlet': startup date [Sat Oct 08 10:40:42 CST 2016]; parent: Root WebApplicationContext
 [INFO] [2016-10-08 10:40:42][org.springframework.beans.factory.xml.XmlBeanDefinitionReader]Loading XML bean definitions from class path resource [spring-mvc.xml]
 [INFO] [2016-10-08 10:40:42][org.springframework.beans.factory.annotation.AutowiredAnnotationBeanPostProcessor]JSR-330 'javax.inject.Inject' annotation found and supported for autowiring
 [INFO] [2016-10-08 10:40:42][org.springframework.web.servlet.handler.SimpleUrlHandlerMapping]Mapped URL path [/**] onto handler 'org.springframework.web.servlet.resource.DefaultServletHttpRequestHandler#0'
 [INFO] [2016-10-08 10:40:42][org.springframework.web.servlet.DispatcherServlet]FrameworkServlet 'SpringMVC': initialization completed in 444 ms
 [INFO] [2016-10-08 13:42:07][org.springframework.web.context.ContextLoader]Root WebApplicationContext: initialization started
 [INFO] [2016-10-08 13:42:07][org.springframework.web.context.support.XmlWebApplicationContext]Refreshing Root WebApplicationContext: startup date [Sat Oct 08 13:42:07 CST 2016]; root of context hierarchy
 [INFO] [2016-10-08 13:42:07][org.springframework.beans.factory.xml.XmlBeanDefinitionReader]Loading XML bean definitions from class path resource [spring-mybatis.xml]
 [INFO] [2016-10-08 13:42:08][org.springframework.beans.factory.config.PropertyPlaceholderConfigurer]Loading properties file from class path resource [jdbc.properties]
 [INFO] [2016-10-08 13:42:08][org.springframework.beans.factory.annotation.AutowiredAnnotationBeanPostProcessor]JSR-330 'javax.inject.Inject' annotation found and supported for autowiring
 [INFO] [2016-10-08 13:42:09][org.springframework.web.context.ContextLoader]Root WebApplicationContext: initialization completed in 1915 ms
 [INFO] [2016-10-08 13:42:09][org.springframework.web.servlet.DispatcherServlet]FrameworkServlet 'SpringMVC': initialization started
 [INFO] [2016-10-08 13:42:09][org.springframework.web.context.support.XmlWebApplicationContext]Refreshing WebApplicationContext for namespace 'SpringMVC-servlet': startup date [Sat Oct 08 13:42:09 CST 2016]; parent: Root WebApplicationContext
 [INFO] [2016-10-08 13:42:09][org.springframework.beans.factory.xml.XmlBeanDefinitionReader]Loading XML bean definitions from class path resource [spring-mvc.xml]
 [INFO] [2016-10-08 13:42:09][org.springframework.beans.factory.annotation.AutowiredAnnotationBeanPostProcessor]JSR-330 'javax.inject.Inject' annotation found and supported for autowiring
 [INFO] [2016-10-08 13:42:10][org.springframework.web.servlet.DispatcherServlet]FrameworkServlet 'SpringMVC': initialization completed in 1033 ms
 [WARN] [2016-10-08 13:43:09][org.springframework.web.servlet.PageNotFound]No mapping found for HTTP request with URI [/storm/user/showUser] in DispatcherServlet with name 'SpringMVC'
 [INFO] [2016-10-08 13:48:28][org.springframework.web.context.ContextLoader]Root WebApplicationContext: initialization started
 [INFO] [2016-10-08 13:48:29][org.springframework.web.context.support.XmlWebApplicationContext]Refreshing Root WebApplicationContext: startup date [Sat Oct 08 13:48:29 CST 2016]; root of context hierarchy
 [INFO] [2016-10-08 13:48:29][org.springframework.beans.factory.xml.XmlBeanDefinitionReader]Loading XML bean definitions from class path resource [spring-mybatis.xml]
 [INFO] [2016-10-08 13:48:29][org.springframework.beans.factory.config.PropertyPlaceholderConfigurer]Loading properties file from class path resource [jdbc.properties]
 [INFO] [2016-10-08 13:48:29][org.springframework.beans.factory.annotation.AutowiredAnnotationBeanPostProcessor]JSR-330 'javax.inject.Inject' annotation found and supported for autowiring
 [INFO] [2016-10-08 13:48:29][org.springframework.web.context.ContextLoader]Root WebApplicationContext: initialization completed in 704 ms
 [INFO] [2016-10-08 13:48:29][org.springframework.web.servlet.DispatcherServlet]FrameworkServlet 'SpringMVC': initialization started
 [INFO] [2016-10-08 13:48:29][org.springframework.web.context.support.XmlWebApplicationContext]Refreshing WebApplicationContext for namespace 'SpringMVC-servlet': startup date [Sat Oct 08 13:48:29 CST 2016]; parent: Root WebApplicationContext
 [INFO] [2016-10-08 13:48:29][org.springframework.beans.factory.xml.XmlBeanDefinitionReader]Loading XML bean definitions from class path resource [spring-mvc.xml]
 [INFO] [2016-10-08 13:48:29][org.springframework.beans.factory.annotation.AutowiredAnnotationBeanPostProcessor]JSR-330 'javax.inject.Inject' annotation found and supported for autowiring
 [INFO] [2016-10-08 13:48:30][org.springframework.web.servlet.mvc.annotation.DefaultAnnotationHandlerMapping]Mapped URL path [/user/showUser] onto handler 'userController'
 [INFO] [2016-10-08 13:48:30][org.springframework.web.servlet.mvc.annotation.DefaultAnnotationHandlerMapping]Mapped URL path [/user/showUser.*] onto handler 'userController'
 [INFO] [2016-10-08 13:48:30][org.springframework.web.servlet.mvc.annotation.DefaultAnnotationHandlerMapping]Mapped URL path [/user/showUser/] onto handler 'userController'
 [INFO] [2016-10-08 13:48:30][org.springframework.web.servlet.mvc.annotation.DefaultAnnotationHandlerMapping]Mapped URL path [/login/getLogin] onto handler 'loginAction'
 [INFO] [2016-10-08 13:48:30][org.springframework.web.servlet.mvc.annotation.DefaultAnnotationHandlerMapping]Mapped URL path [/login/getLogin.*] onto handler 'loginAction'
 [INFO] [2016-10-08 13:48:30][org.springframework.web.servlet.mvc.annotation.DefaultAnnotationHandlerMapping]Mapped URL path [/login/getLogin/] onto handler 'loginAction'
 [INFO] [2016-10-08 13:48:30][org.springframework.web.servlet.DispatcherServlet]FrameworkServlet 'SpringMVC': initialization completed in 418 ms
 [INFO] [2016-10-08 13:52:12][org.springframework.web.context.ContextLoader]Root WebApplicationContext: initialization started
 [INFO] [2016-10-08 13:52:12][org.springframework.web.context.support.XmlWebApplicationContext]Refreshing Root WebApplicationContext: startup date [Sat Oct 08 13:52:12 CST 2016]; root of context hierarchy
 [INFO] [2016-10-08 13:52:12][org.springframework.beans.factory.xml.XmlBeanDefinitionReader]Loading XML bean definitions from class path resource [spring-mybatis.xml]
 [INFO] [2016-10-08 13:52:12][org.springframework.beans.factory.config.PropertyPlaceholderConfigurer]Loading properties file from class path resource [jdbc.properties]
 [INFO] [2016-10-08 13:52:12][org.springframework.beans.factory.annotation.AutowiredAnnotationBeanPostProcessor]JSR-330 'javax.inject.Inject' annotation found and supported for autowiring
 [INFO] [2016-10-08 13:52:13][org.springframework.web.context.ContextLoader]Root WebApplicationContext: initialization completed in 713 ms
 [INFO] [2016-10-08 13:52:13][org.springframework.web.servlet.DispatcherServlet]FrameworkServlet 'SpringMVC': initialization started
 [INFO] [2016-10-08 13:52:13][org.springframework.web.context.support.XmlWebApplicationContext]Refreshing WebApplicationContext for namespace 'SpringMVC-servlet': startup date [Sat Oct 08 13:52:13 CST 2016]; parent: Root WebApplicationContext
 [INFO] [2016-10-08 13:52:13][org.springframework.beans.factory.xml.XmlBeanDefinitionReader]Loading XML bean definitions from class path resource [spring-mvc.xml]
 [INFO] [2016-10-08 13:52:13][org.springframework.beans.factory.annotation.AutowiredAnnotationBeanPostProcessor]JSR-330 'javax.inject.Inject' annotation found and supported for autowiring
 [INFO] [2016-10-08 13:52:13][org.springframework.web.servlet.mvc.annotation.DefaultAnnotationHandlerMapping]Mapped URL path [/user/showUser] onto handler 'userController'
 [INFO] [2016-10-08 13:52:13][org.springframework.web.servlet.mvc.annotation.DefaultAnnotationHandlerMapping]Mapped URL path [/user/showUser.*] onto handler 'userController'
 [INFO] [2016-10-08 13:52:13][org.springframework.web.servlet.mvc.annotation.DefaultAnnotationHandlerMapping]Mapped URL path [/user/showUser/] onto handler 'userController'
 [INFO] [2016-10-08 13:52:13][org.springframework.web.servlet.mvc.annotation.DefaultAnnotationHandlerMapping]Mapped URL path [/login/getLogin] onto handler 'loginAction'
 [INFO] [2016-10-08 13:52:13][org.springframework.web.servlet.mvc.annotation.DefaultAnnotationHandlerMapping]Mapped URL path [/login/getLogin.*] onto handler 'loginAction'
 [INFO] [2016-10-08 13:52:13][org.springframework.web.servlet.mvc.annotation.DefaultAnnotationHandlerMapping]Mapped URL path [/login/getLogin/] onto handler 'loginAction'
 [INFO] [2016-10-08 13:52:13][org.springframework.web.servlet.DispatcherServlet]FrameworkServlet 'SpringMVC': initialization completed in 424 ms
 [INFO] [2016-10-09 10:13:29][org.springframework.web.context.ContextLoader]Root WebApplicationContext: initialization started
 [INFO] [2016-10-09 10:13:29][org.springframework.web.context.support.XmlWebApplicationContext]Refreshing Root WebApplicationContext: startup date [Sun Oct 09 10:13:29 CST 2016]; root of context hierarchy
 [INFO] [2016-10-09 10:13:29][org.springframework.beans.factory.xml.XmlBeanDefinitionReader]Loading XML bean definitions from class path resource [spring-mybatis.xml]
 [INFO] [2016-10-09 10:13:30][org.springframework.beans.factory.config.PropertyPlaceholderConfigurer]Loading properties file from class path resource [jdbc.properties]
 [INFO] [2016-10-09 10:13:30][org.springframework.beans.factory.annotation.AutowiredAnnotationBeanPostProcessor]JSR-330 'javax.inject.Inject' annotation found and supported for autowiring
 [INFO] [2016-10-09 10:13:30][org.springframework.web.context.ContextLoader]Root WebApplicationContext: initialization completed in 1335 ms
 [INFO] [2016-10-09 10:13:30][org.springframework.web.servlet.DispatcherServlet]FrameworkServlet 'SpringMVC': initialization started
 [INFO] [2016-10-09 10:13:30][org.springframework.web.context.support.XmlWebApplicationContext]Refreshing WebApplicationContext for namespace 'SpringMVC-servlet': startup date [Sun Oct 09 10:13:30 CST 2016]; parent: Root WebApplicationContext
 [INFO] [2016-10-09 10:13:30][org.springframework.beans.factory.xml.XmlBeanDefinitionReader]Loading XML bean definitions from class path resource [spring-mvc.xml]
 [INFO] [2016-10-09 10:13:30][org.springframework.beans.factory.annotation.AutowiredAnnotationBeanPostProcessor]JSR-330 'javax.inject.Inject' annotation found and supported for autowiring
 [INFO] [2016-10-09 10:13:31][org.springframework.web.servlet.mvc.annotation.DefaultAnnotationHandlerMapping]Mapped URL path [/user/showUser] onto handler 'userController'
 [INFO] [2016-10-09 10:13:31][org.springframework.web.servlet.mvc.annotation.DefaultAnnotationHandlerMapping]Mapped URL path [/user/showUser.*] onto handler 'userController'
 [INFO] [2016-10-09 10:13:31][org.springframework.web.servlet.mvc.annotation.DefaultAnnotationHandlerMapping]Mapped URL path [/user/showUser/] onto handler 'userController'
 [INFO] [2016-10-09 10:13:31][org.springframework.web.servlet.mvc.annotation.DefaultAnnotationHandlerMapping]Mapped URL path [/login/getLogin] onto handler 'loginAction'
 [INFO] [2016-10-09 10:13:31][org.springframework.web.servlet.mvc.annotation.DefaultAnnotationHandlerMapping]Mapped URL path [/login/getLogin.*] onto handler 'loginAction'
 [INFO] [2016-10-09 10:13:31][org.springframework.web.servlet.mvc.annotation.DefaultAnnotationHandlerMapping]Mapped URL path [/login/getLogin/] onto handler 'loginAction'
 [INFO] [2016-10-09 10:13:31][org.springframework.web.servlet.DispatcherServlet]FrameworkServlet 'SpringMVC': initialization completed in 722 ms
 [INFO] [2016-10-09 10:17:20][org.springframework.beans.factory.xml.XmlBeanDefinitionReader]Loading XML bean definitions from class path resource [spring-mybatis.xml]
 [INFO] [2016-10-09 10:17:21][org.springframework.context.support.GenericApplicationContext]Refreshing org.springframework.context.support.GenericApplicationContext@6581305e: startup date [Sun Oct 09 10:17:21 CST 2016]; root of context hierarchy
 [INFO] [2016-10-09 10:17:21][org.springframework.beans.factory.config.PropertyPlaceholderConfigurer]Loading properties file from class path resource [jdbc.properties]
 [INFO] [2016-10-09 10:17:21][org.springframework.beans.factory.annotation.AutowiredAnnotationBeanPostProcessor]JSR-330 'javax.inject.Inject' annotation found and supported for autowiring
 [INFO] [2016-10-09 10:17:22][com.test.TestMyBatis]{"id":1,"name":"hanweimin","pwd":"4QrcOUm6Wau+VuBX8g+IPg==","role":"admin"}
 [INFO] [2016-10-09 10:17:22][org.springframework.context.support.GenericApplicationContext]Closing org.springframework.context.support.GenericApplicationContext@6581305e: startup date [Sun Oct 09 10:17:21 CST 2016]; root of context hierarchy
 [INFO] [2016-10-09 11:36:00][org.springframework.web.context.ContextLoader]Root WebApplicationContext: initialization started
 [INFO] [2016-10-09 11:36:00][org.springframework.web.context.support.XmlWebApplicationContext]Refreshing Root WebApplicationContext: startup date [Sun Oct 09 11:36:00 CST 2016]; root of context hierarchy
 [INFO] [2016-10-09 11:36:00][org.springframework.beans.factory.xml.XmlBeanDefinitionReader]Loading XML bean definitions from class path resource [spring-mybatis.xml]
 [INFO] [2016-10-09 11:36:00][org.springframework.beans.factory.config.PropertyPlaceholderConfigurer]Loading properties file from class path resource [jdbc.properties]
 [INFO] [2016-10-09 11:36:00][org.springframework.beans.factory.annotation.AutowiredAnnotationBeanPostProcessor]JSR-330 'javax.inject.Inject' annotation found and supported for autowiring
 [INFO] [2016-10-09 11:36:01][org.springframework.web.context.ContextLoader]Root WebApplicationContext: initialization completed in 1044 ms
 [INFO] [2016-10-09 11:36:01][org.springframework.web.servlet.DispatcherServlet]FrameworkServlet 'SpringMVC': initialization started
 [INFO] [2016-10-09 11:36:01][org.springframework.web.context.support.XmlWebApplicationContext]Refreshing WebApplicationContext for namespace 'SpringMVC-servlet': startup date [Sun Oct 09 11:36:01 CST 2016]; parent: Root WebApplicationContext
 [INFO] [2016-10-09 11:36:01][org.springframework.beans.factory.xml.XmlBeanDefinitionReader]Loading XML bean definitions from class path resource [spring-mvc.xml]
 [INFO] [2016-10-09 11:36:01][org.springframework.beans.factory.annotation.AutowiredAnnotationBeanPostProcessor]JSR-330 'javax.inject.Inject' annotation found and supported for autowiring
 [INFO] [2016-10-09 11:36:01][org.springframework.web.servlet.mvc.annotation.DefaultAnnotationHandlerMapping]Mapped URL path [/user/showUser] onto handler 'userController'
 [INFO] [2016-10-09 11:36:01][org.springframework.web.servlet.mvc.annotation.DefaultAnnotationHandlerMapping]Mapped URL path [/user/showUser.*] onto handler 'userController'
 [INFO] [2016-10-09 11:36:01][org.springframework.web.servlet.mvc.annotation.DefaultAnnotationHandlerMapping]Mapped URL path [/user/showUser/] onto handler 'userController'
 [INFO] [2016-10-09 11:36:01][org.springframework.web.servlet.mvc.annotation.DefaultAnnotationHandlerMapping]Mapped URL path [/login/getLogin] onto handler 'loginAction'
 [INFO] [2016-10-09 11:36:01][org.springframework.web.servlet.mvc.annotation.DefaultAnnotationHandlerMapping]Mapped URL path [/login/getLogin.*] onto handler 'loginAction'
 [INFO] [2016-10-09 11:36:01][org.springframework.web.servlet.mvc.annotation.DefaultAnnotationHandlerMapping]Mapped URL path [/login/getLogin/] onto handler 'loginAction'
 [INFO] [2016-10-09 11:36:01][org.springframework.web.servlet.DispatcherServlet]FrameworkServlet 'SpringMVC': initialization completed in 502 ms
 [WARN] [2016-10-09 13:29:51][org.springframework.web.servlet.PageNotFound]No mapping found for HTTP request with URI [/storm/jsp/js/bootstrap.min.js] in DispatcherServlet with name 'SpringMVC'
 [WARN] [2016-10-09 13:29:51][org.springframework.web.servlet.PageNotFound]No mapping found for HTTP request with URI [/storm/jsp/css/login.css] in DispatcherServlet with name 'SpringMVC'
 [WARN] [2016-10-09 13:29:51][org.springframework.web.servlet.PageNotFound]No mapping found for HTTP request with URI [/storm/jsp/js/login.js] in DispatcherServlet with name 'SpringMVC'
 [WARN] [2016-10-09 13:29:51][org.springframework.web.servlet.PageNotFound]No mapping found for HTTP request with URI [/storm/jsp/css/font-awesome.min.css] in DispatcherServlet with name 'SpringMVC'
 [WARN] [2016-10-09 13:29:51][org.springframework.web.servlet.PageNotFound]No mapping found for HTTP request with URI [/storm/jsp/js/jquery.min.js] in DispatcherServlet with name 'SpringMVC'
 [WARN] [2016-10-09 13:29:51][org.springframework.web.servlet.PageNotFound]No mapping found for HTTP request with URI [/storm/jsp/js/jquery.min.js] in DispatcherServlet with name 'SpringMVC'
 [WARN] [2016-10-09 13:29:51][org.springframework.web.servlet.PageNotFound]No mapping found for HTTP request with URI [/storm/jsp/js/login.js] in DispatcherServlet with name 'SpringMVC'
 [WARN] [2016-10-09 13:29:51][org.springframework.web.servlet.PageNotFound]No mapping found for HTTP request with URI [/storm/jsp/css/font-awesome.min.css] in DispatcherServlet with name 'SpringMVC'
 [WARN] [2016-10-09 13:29:51][org.springframework.web.servlet.PageNotFound]No mapping found for HTTP request with URI [/storm/jsp/css/login.css] in DispatcherServlet with name 'SpringMVC'
 [WARN] [2016-10-09 13:29:51][org.springframework.web.servlet.PageNotFound]No mapping found for HTTP request with URI [/storm/jsp/picture/wolf.jpg] in DispatcherServlet with name 'SpringMVC'
 [INFO] [2016-10-09 14:27:55][org.springframework.web.context.ContextLoader]Root WebApplicationContext: initialization started
 [INFO] [2016-10-09 14:27:55][org.springframework.web.context.support.XmlWebApplicationContext]Refreshing Root WebApplicationContext: startup date [Sun Oct 09 14:27:55 CST 2016]; root of context hierarchy
 [INFO] [2016-10-09 14:27:56][org.springframework.beans.factory.xml.XmlBeanDefinitionReader]Loading XML bean definitions from class path resource [spring-mybatis.xml]
 [INFO] [2016-10-09 14:27:56][org.springframework.beans.factory.config.PropertyPlaceholderConfigurer]Loading properties file from class path resource [jdbc.properties]
 [INFO] [2016-10-09 14:27:56][org.springframework.beans.factory.annotation.AutowiredAnnotationBeanPostProcessor]JSR-330 'javax.inject.Inject' annotation found and supported for autowiring
 [INFO] [2016-10-09 14:27:57][org.springframework.web.context.ContextLoader]Root WebApplicationContext: initialization completed in 1222 ms
 [INFO] [2016-10-09 14:27:57][org.springframework.web.servlet.DispatcherServlet]FrameworkServlet 'SpringMVC': initialization started
 [INFO] [2016-10-09 14:27:57][org.springframework.web.context.support.XmlWebApplicationContext]Refreshing WebApplicationContext for namespace 'SpringMVC-servlet': startup date [Sun Oct 09 14:27:57 CST 2016]; parent: Root WebApplicationContext
 [INFO] [2016-10-09 14:27:57][org.springframework.beans.factory.xml.XmlBeanDefinitionReader]Loading XML bean definitions from class path resource [spring-mvc.xml]
 [INFO] [2016-10-09 14:27:57][org.springframework.beans.factory.annotation.AutowiredAnnotationBeanPostProcessor]JSR-330 'javax.inject.Inject' annotation found and supported for autowiring
 [INFO] [2016-10-09 14:27:57][org.springframework.web.servlet.mvc.annotation.DefaultAnnotationHandlerMapping]Mapped URL path [/user/showUser] onto handler 'userController'
 [INFO] [2016-10-09 14:27:57][org.springframework.web.servlet.mvc.annotation.DefaultAnnotationHandlerMapping]Mapped URL path [/user/showUser.*] onto handler 'userController'
 [INFO] [2016-10-09 14:27:57][org.springframework.web.servlet.mvc.annotation.DefaultAnnotationHandlerMapping]Mapped URL path [/user/showUser/] onto handler 'userController'
 [INFO] [2016-10-09 14:27:57][org.springframework.web.servlet.mvc.annotation.DefaultAnnotationHandlerMapping]Mapped URL path [/login/getLogin] onto handler 'loginAction'
 [INFO] [2016-10-09 14:27:57][org.springframework.web.servlet.mvc.annotation.DefaultAnnotationHandlerMapping]Mapped URL path [/login/getLogin.*] onto handler 'loginAction'
 [INFO] [2016-10-09 14:27:57][org.springframework.web.servlet.mvc.annotation.DefaultAnnotationHandlerMapping]Mapped URL path [/login/getLogin/] onto handler 'loginAction'
 [INFO] [2016-10-09 14:27:57][org.springframework.web.servlet.DispatcherServlet]FrameworkServlet 'SpringMVC': initialization completed in 650 ms
 [INFO] [2016-10-09 14:29:32][org.springframework.web.context.ContextLoader]Root WebApplicationContext: initialization started
 [INFO] [2016-10-09 14:29:32][org.springframework.web.context.support.XmlWebApplicationContext]Refreshing Root WebApplicationContext: startup date [Sun Oct 09 14:29:32 CST 2016]; root of context hierarchy
 [INFO] [2016-10-09 14:29:32][org.springframework.beans.factory.xml.XmlBeanDefinitionReader]Loading XML bean definitions from class path resource [spring-mybatis.xml]
 [INFO] [2016-10-09 14:29:32][org.springframework.beans.factory.config.PropertyPlaceholderConfigurer]Loading properties file from class path resource [jdbc.properties]
 [INFO] [2016-10-09 14:29:32][org.springframework.beans.factory.annotation.AutowiredAnnotationBeanPostProcessor]JSR-330 'javax.inject.Inject' annotation found and supported for autowiring
 [INFO] [2016-10-09 14:29:33][org.springframework.web.context.ContextLoader]Root WebApplicationContext: initialization completed in 805 ms
 [INFO] [2016-10-09 14:29:33][org.springframework.web.servlet.DispatcherServlet]FrameworkServlet 'SpringMVC': initialization started
 [INFO] [2016-10-09 14:29:33][org.springframework.web.context.support.XmlWebApplicationContext]Refreshing WebApplicationContext for namespace 'SpringMVC-servlet': startup date [Sun Oct 09 14:29:33 CST 2016]; parent: Root WebApplicationContext
 [INFO] [2016-10-09 14:29:33][org.springframework.beans.factory.xml.XmlBeanDefinitionReader]Loading XML bean definitions from class path resource [spring-mvc.xml]
 [INFO] [2016-10-09 14:29:33][org.springframework.beans.factory.annotation.AutowiredAnnotationBeanPostProcessor]JSR-330 'javax.inject.Inject' annotation found and supported for autowiring
 [INFO] [2016-10-09 14:29:33][org.springframework.web.servlet.mvc.annotation.DefaultAnnotationHandlerMapping]Mapped URL path [/user/showUser] onto handler 'userController'
 [INFO] [2016-10-09 14:29:33][org.springframework.web.servlet.mvc.annotation.DefaultAnnotationHandlerMapping]Mapped URL path [/user/showUser.*] onto handler 'userController'
 [INFO] [2016-10-09 14:29:33][org.springframework.web.servlet.mvc.annotation.DefaultAnnotationHandlerMapping]Mapped URL path [/user/showUser/] onto handler 'userController'
 [INFO] [2016-10-09 14:29:33][org.springframework.web.servlet.mvc.annotation.DefaultAnnotationHandlerMapping]Mapped URL path [/login/getLogin] onto handler 'loginAction'
 [INFO] [2016-10-09 14:29:33][org.springframework.web.servlet.mvc.annotation.DefaultAnnotationHandlerMapping]Mapped URL path [/login/getLogin.*] onto handler 'loginAction'
 [INFO] [2016-10-09 14:29:33][org.springframework.web.servlet.mvc.annotation.DefaultAnnotationHandlerMapping]Mapped URL path [/login/getLogin/] onto handler 'loginAction'
 [INFO] [2016-10-09 14:29:33][org.springframework.web.servlet.DispatcherServlet]FrameworkServlet 'SpringMVC': initialization completed in 417 ms
 [WARN] [2016-10-09 14:29:59][org.springframework.web.servlet.PageNotFound]No mapping found for HTTP request with URI [/storm/jsp/css/left.css] in DispatcherServlet with name 'SpringMVC'
 [WARN] [2016-10-09 14:30:50][org.springframework.web.servlet.PageNotFound]No mapping found for HTTP request with URI [/storm/css/left.css] in DispatcherServlet with name 'SpringMVC'
 [WARN] [2016-10-09 14:36:15][org.springframework.web.servlet.PageNotFound]No mapping found for HTTP request with URI [/storm/jsp/css/left.css] in DispatcherServlet with name 'SpringMVC'
 [WARN] [2016-10-09 14:39:09][org.springframework.web.servlet.PageNotFound]No mapping found for HTTP request with URI [/storm/jsp/css/login/left.css] in DispatcherServlet with name 'SpringMVC'
 [WARN] [2016-10-09 14:39:19][org.springframework.web.servlet.PageNotFound]No mapping found for HTTP request with URI [/storm/css/login/left.css] in DispatcherServlet with name 'SpringMVC'
 [WARN] [2016-10-09 14:39:48][org.springframework.web.servlet.PageNotFound]No mapping found for HTTP request with URI [/storm/jsp/login/css/login/left.css] in DispatcherServlet with name 'SpringMVC'
 [WARN] [2016-10-09 14:41:22][org.springframework.web.servlet.PageNotFound]No mapping found for HTTP request with URI [/storm/left.css] in DispatcherServlet with name 'SpringMVC'
 [WARN] [2016-10-09 14:42:00][org.springframework.web.servlet.PageNotFound]No mapping found for HTTP request with URI [/storm/jsp/login/left.css] in DispatcherServlet with name 'SpringMVC'
 [WARN] [2016-10-09 14:42:47][org.springframework.web.servlet.PageNotFound]No mapping found for HTTP request with URI [/storm/jsp/login/jsp/login/left.css] in DispatcherServlet with name 'SpringMVC'
 [WARN] [2016-10-09 14:53:45][org.springframework.web.servlet.PageNotFound]No mapping found for HTTP request with URI [/storm/jsp/js/bootstrap.min.js] in DispatcherServlet with name 'SpringMVC'
 [WARN] [2016-10-09 14:53:45][org.springframework.web.servlet.PageNotFound]No mapping found for HTTP request with URI [/storm/jsp/js/jquery.min.js] in DispatcherServlet with name 'SpringMVC'
 [WARN] [2016-10-09 14:53:45][org.springframework.web.servlet.PageNotFound]No mapping found for HTTP request with URI [/storm/jsp/login/jsp/login/left.css] in DispatcherServlet with name 'SpringMVC'
 [WARN] [2016-10-09 14:53:45][org.springframework.web.servlet.PageNotFound]No mapping found for HTTP request with URI [/storm/jsp/js/jquery.min.js] in DispatcherServlet with name 'SpringMVC'
 [WARN] [2016-10-09 14:53:45][org.springframework.web.servlet.PageNotFound]No mapping found for HTTP request with URI [/storm/jsp/login/jsp/login/left.css] in DispatcherServlet with name 'SpringMVC'
 [WARN] [2016-10-09 14:56:38][org.springframework.web.servlet.PageNotFound]No mapping found for HTTP request with URI [/storm/jsp/js/bootstrap.min.js] in DispatcherServlet with name 'SpringMVC'
 [WARN] [2016-10-09 14:56:38][org.springframework.web.servlet.PageNotFound]No mapping found for HTTP request with URI [/storm/jsp/js/jquery.min.js] in DispatcherServlet with name 'SpringMVC'
 [WARN] [2016-10-09 14:56:38][org.springframework.web.servlet.PageNotFound]No mapping found for HTTP request with URI [/storm/jsp/login/jsp/login/left.css] in DispatcherServlet with name 'SpringMVC'
 [WARN] [2016-10-09 14:56:39][org.springframework.web.servlet.PageNotFound]No mapping found for HTTP request with URI [/storm/jsp/js/jquery.min.js] in DispatcherServlet with name 'SpringMVC'
 [WARN] [2016-10-09 14:56:39][org.springframework.web.servlet.PageNotFound]No mapping found for HTTP request with URI [/storm/jsp/login/jsp/login/left.css] in DispatcherServlet with name 'SpringMVC'
 [WARN] [2016-10-09 14:57:11][org.springframework.web.servlet.PageNotFound]No mapping found for HTTP request with URI [/storm/jsp/js/bootstrap.min.js] in DispatcherServlet with name 'SpringMVC'
 [WARN] [2016-10-09 14:57:11][org.springframework.web.servlet.PageNotFound]No mapping found for HTTP request with URI [/storm/jsp/js/jquery.min.js] in DispatcherServlet with name 'SpringMVC'
 [WARN] [2016-10-09 14:57:11][org.springframework.web.servlet.PageNotFound]No mapping found for HTTP request with URI [/storm/jsp/login/jsp/login/left.css] in DispatcherServlet with name 'SpringMVC'
 [WARN] [2016-10-09 14:57:11][org.springframework.web.servlet.PageNotFound]No mapping found for HTTP request with URI [/storm/jsp/js/jquery.min.js] in DispatcherServlet with name 'SpringMVC'
 [WARN] [2016-10-09 14:57:11][org.springframework.web.servlet.PageNotFound]No mapping found for HTTP request with URI [/storm/jsp/login/jsp/login/left.css] in DispatcherServlet with name 'SpringMVC'
 [WARN] [2016-10-09 14:58:18][org.springframework.web.servlet.PageNotFound]No mapping found for HTTP request with URI [/storm/jsp/js/bootstrap.min.js] in DispatcherServlet with name 'SpringMVC'
 [WARN] [2016-10-09 14:58:18][org.springframework.web.servlet.PageNotFound]No mapping found for HTTP request with URI [/storm/jsp/js/jquery.min.js] in DispatcherServlet with name 'SpringMVC'
 [WARN] [2016-10-09 14:58:18][org.springframework.web.servlet.PageNotFound]No mapping found for HTTP request with URI [/storm/jsp/login/jsp/login/left.css] in DispatcherServlet with name 'SpringMVC'
 [INFO] [2016-10-10 08:49:09][org.springframework.web.context.ContextLoader]Root WebApplicationContext: initialization started
 [INFO] [2016-10-10 08:49:09][org.springframework.web.context.support.XmlWebApplicationContext]Refreshing Root WebApplicationContext: startup date [Mon Oct 10 08:49:09 CST 2016]; root of context hierarchy
 [INFO] [2016-10-10 08:49:09][org.springframework.beans.factory.xml.XmlBeanDefinitionReader]Loading XML bean definitions from class path resource [spring-mybatis.xml]
 [INFO] [2016-10-10 08:49:10][org.springframework.beans.factory.config.PropertyPlaceholderConfigurer]Loading properties file from class path resource [jdbc.properties]
 [INFO] [2016-10-10 08:49:10][org.springframework.beans.factory.annotation.AutowiredAnnotationBeanPostProcessor]JSR-330 'javax.inject.Inject' annotation found and supported for autowiring
 [INFO] [2016-10-10 08:49:11][org.springframework.web.context.ContextLoader]Root WebApplicationContext: initialization completed in 2142 ms
 [INFO] [2016-10-10 08:49:11][org.springframework.web.servlet.DispatcherServlet]FrameworkServlet 'SpringMVC': initialization started
 [INFO] [2016-10-10 08:49:11][org.springframework.web.context.support.XmlWebApplicationContext]Refreshing WebApplicationContext for namespace 'SpringMVC-servlet': startup date [Mon Oct 10 08:49:11 CST 2016]; parent: Root WebApplicationContext
 [INFO] [2016-10-10 08:49:11][org.springframework.beans.factory.xml.XmlBeanDefinitionReader]Loading XML bean definitions from class path resource [spring-mvc.xml]
 [INFO] [2016-10-10 08:49:11][org.springframework.beans.factory.annotation.AutowiredAnnotationBeanPostProcessor]JSR-330 'javax.inject.Inject' annotation found and supported for autowiring
 [INFO] [2016-10-10 08:49:12][org.springframework.web.servlet.mvc.annotation.DefaultAnnotationHandlerMapping]Mapped URL path [/user/showUser] onto handler 'userController'
 [INFO] [2016-10-10 08:49:12][org.springframework.web.servlet.mvc.annotation.DefaultAnnotationHandlerMapping]Mapped URL path [/user/showUser.*] onto handler 'userController'
 [INFO] [2016-10-10 08:49:12][org.springframework.web.servlet.mvc.annotation.DefaultAnnotationHandlerMapping]Mapped URL path [/user/showUser/] onto handler 'userController'
 [INFO] [2016-10-10 08:49:12][org.springframework.web.servlet.mvc.annotation.DefaultAnnotationHandlerMapping]Mapped URL path [/login/getLogin] onto handler 'loginAction'
 [INFO] [2016-10-10 08:49:12][org.springframework.web.servlet.mvc.annotation.DefaultAnnotationHandlerMapping]Mapped URL path [/login/getLogin.*] onto handler 'loginAction'
 [INFO] [2016-10-10 08:49:12][org.springframework.web.servlet.mvc.annotation.DefaultAnnotationHandlerMapping]Mapped URL path [/login/getLogin/] onto handler 'loginAction'
 [INFO] [2016-10-10 08:49:12][org.springframework.web.servlet.DispatcherServlet]FrameworkServlet 'SpringMVC': initialization completed in 976 ms
 [WARN] [2016-10-10 08:50:26][org.springframework.web.servlet.PageNotFound]No mapping found for HTTP request with URI [/storm/jsp/login/jsp/login/left.css] in DispatcherServlet with name 'SpringMVC'
 [WARN] [2016-10-10 08:50:26][org.springframework.web.servlet.PageNotFound]No mapping found for HTTP request with URI [/storm/jsp/login/jsp/login/left.css] in DispatcherServlet with name 'SpringMVC'
 [WARN] [2016-10-10 09:01:33][org.springframework.web.servlet.PageNotFound]No mapping found for HTTP request with URI [/storm/jsp/login/jsp/login/left.css] in DispatcherServlet with name 'SpringMVC'
 [WARN] [2016-10-10 09:02:39][org.springframework.web.servlet.PageNotFound]No mapping found for HTTP request with URI [/storm/jsp/login/jsp/login/left.css] in DispatcherServlet with name 'SpringMVC'
 [WARN] [2016-10-10 09:08:05][org.springframework.web.servlet.PageNotFound]No mapping found for HTTP request with URI [/storm/jsp/css/main/left.css] in DispatcherServlet with name 'SpringMVC'
 [WARN] [2016-10-10 09:08:05][org.springframework.web.servlet.PageNotFound]No mapping found for HTTP request with URI [/storm/jsp/css/main/left.css] in DispatcherServlet with name 'SpringMVC'
 [WARN] [2016-10-10 09:08:15][org.springframework.web.servlet.PageNotFound]No mapping found for HTTP request with URI [/storm/css/main/left.css] in DispatcherServlet with name 'SpringMVC'
 [WARN] [2016-10-10 09:08:15][org.springframework.web.servlet.PageNotFound]No mapping found for HTTP request with URI [/storm/css/main/left.css] in DispatcherServlet with name 'SpringMVC'
 [WARN] [2016-10-10 09:10:21][org.springframework.web.servlet.PageNotFound]No mapping found for HTTP request with URI [/storm/jsp/main/css/main/left.css] in DispatcherServlet with name 'SpringMVC'
 [WARN] [2016-10-10 09:10:21][org.springframework.web.servlet.PageNotFound]No mapping found for HTTP request with URI [/storm/jsp/main/css/main/left.css] in DispatcherServlet with name 'SpringMVC'
 [WARN] [2016-10-10 09:11:02][org.springframework.web.servlet.PageNotFound]No mapping found for HTTP request with URI [/storm/jsp/main/left.css] in DispatcherServlet with name 'SpringMVC'
 [WARN] [2016-10-10 09:11:02][org.springframework.web.servlet.PageNotFound]No mapping found for HTTP request with URI [/storm/jsp/main/left.css] in DispatcherServlet with name 'SpringMVC'
 [WARN] [2016-10-10 09:11:28][org.springframework.web.servlet.PageNotFound]No mapping found for HTTP request with URI [/storm/main/left.css] in DispatcherServlet with name 'SpringMVC'
 [WARN] [2016-10-10 09:11:28][org.springframework.web.servlet.PageNotFound]No mapping found for HTTP request with URI [/storm/main/left.css] in DispatcherServlet with name 'SpringMVC'
 [WARN] [2016-10-10 09:11:51][org.springframework.web.servlet.PageNotFound]No mapping found for HTTP request with URI [/storm/css/main/left.css] in DispatcherServlet with name 'SpringMVC'
 [WARN] [2016-10-10 09:11:51][org.springframework.web.servlet.PageNotFound]No mapping found for HTTP request with URI [/storm/css/main/left.css] in DispatcherServlet with name 'SpringMVC'
 [WARN] [2016-10-10 09:14:54][org.springframework.web.servlet.PageNotFound]No mapping found for HTTP request with URI [/storm/left.css] in DispatcherServlet with name 'SpringMVC'
 [WARN] [2016-10-10 09:14:54][org.springframework.web.servlet.PageNotFound]No mapping found for HTTP request with URI [/storm/left.css] in DispatcherServlet with name 'SpringMVC'
 [WARN] [2016-10-10 09:15:26][org.springframework.web.servlet.PageNotFound]No mapping found for HTTP request with URI [/storm/css/main/left.css] in DispatcherServlet with name 'SpringMVC'
 [WARN] [2016-10-10 09:15:26][org.springframework.web.servlet.PageNotFound]No mapping found for HTTP request with URI [/storm/css/main/left.css] in DispatcherServlet with name 'SpringMVC'
 [WARN] [2016-10-10 09:17:21][org.springframework.web.servlet.PageNotFound]No mapping found for HTTP request with URI [/storm/jsp/main/css/main/left.css] in DispatcherServlet with name 'SpringMVC'
 [WARN] [2016-10-10 09:17:21][org.springframework.web.servlet.PageNotFound]No mapping found for HTTP request with URI [/storm/jsp/main/css/main/left.css] in DispatcherServlet with name 'SpringMVC'
 [INFO] [2016-10-10 09:18:37][org.springframework.web.context.ContextLoader]Root WebApplicationContext: initialization started
 [INFO] [2016-10-10 09:18:37][org.springframework.web.context.support.XmlWebApplicationContext]Refreshing Root WebApplicationContext: startup date [Mon Oct 10 09:18:37 CST 2016]; root of context hierarchy
 [INFO] [2016-10-10 09:18:37][org.springframework.beans.factory.xml.XmlBeanDefinitionReader]Loading XML bean definitions from class path resource [spring-mybatis.xml]
 [INFO] [2016-10-10 09:18:37][org.springframework.beans.factory.config.PropertyPlaceholderConfigurer]Loading properties file from class path resource [jdbc.properties]
 [INFO] [2016-10-10 09:18:37][org.springframework.beans.factory.annotation.AutowiredAnnotationBeanPostProcessor]JSR-330 'javax.inject.Inject' annotation found and supported for autowiring
 [INFO] [2016-10-10 09:18:37][org.springframework.web.context.ContextLoader]Root WebApplicationContext: initialization completed in 867 ms
 [INFO] [2016-10-10 09:18:38][org.springframework.web.servlet.DispatcherServlet]FrameworkServlet 'SpringMVC': initialization started
 [INFO] [2016-10-10 09:18:38][org.springframework.web.context.support.XmlWebApplicationContext]Refreshing WebApplicationContext for namespace 'SpringMVC-servlet': startup date [Mon Oct 10 09:18:38 CST 2016]; parent: Root WebApplicationContext
 [INFO] [2016-10-10 09:18:38][org.springframework.beans.factory.xml.XmlBeanDefinitionReader]Loading XML bean definitions from class path resource [spring-mvc.xml]
 [INFO] [2016-10-10 09:18:38][org.springframework.beans.factory.annotation.AutowiredAnnotationBeanPostProcessor]JSR-330 'javax.inject.Inject' annotation found and supported for autowiring
 [INFO] [2016-10-10 09:18:38][org.springframework.web.servlet.mvc.annotation.DefaultAnnotationHandlerMapping]Mapped URL path [/user/showUser] onto handler 'userController'
 [INFO] [2016-10-10 09:18:38][org.springframework.web.servlet.mvc.annotation.DefaultAnnotationHandlerMapping]Mapped URL path [/user/showUser.*] onto handler 'userController'
 [INFO] [2016-10-10 09:18:38][org.springframework.web.servlet.mvc.annotation.DefaultAnnotationHandlerMapping]Mapped URL path [/user/showUser/] onto handler 'userController'
 [INFO] [2016-10-10 09:18:38][org.springframework.web.servlet.mvc.annotation.DefaultAnnotationHandlerMapping]Mapped URL path [/login/getLogin] onto handler 'loginAction'
 [INFO] [2016-10-10 09:18:38][org.springframework.web.servlet.mvc.annotation.DefaultAnnotationHandlerMapping]Mapped URL path [/login/getLogin.*] onto handler 'loginAction'
 [INFO] [2016-10-10 09:18:38][org.springframework.web.servlet.mvc.annotation.DefaultAnnotationHandlerMapping]Mapped URL path [/login/getLogin/] onto handler 'loginAction'
 [INFO] [2016-10-10 09:18:38][org.springframework.web.servlet.DispatcherServlet]FrameworkServlet 'SpringMVC': initialization completed in 389 ms
 [WARN] [2016-10-10 09:21:15][org.springframework.web.servlet.PageNotFound]No mapping found for HTTP request with URI [/storm/jsp/main/left.css] in DispatcherServlet with name 'SpringMVC'
 [WARN] [2016-10-10 09:21:15][org.springframework.web.servlet.PageNotFound]No mapping found for HTTP request with URI [/storm/jsp/main/left.css] in DispatcherServlet with name 'SpringMVC'
 [WARN] [2016-10-10 09:59:31][org.springframework.web.servlet.PageNotFound]No mapping found for HTTP request with URI [/storm/jsp/main/left.css] in DispatcherServlet with name 'SpringMVC'
 [WARN] [2016-10-10 10:08:24][org.springframework.web.servlet.PageNotFound]No mapping found for HTTP request with URI [/storm/jsp/main/bootstrap/js/bootstrap.min.js] in DispatcherServlet with name 'SpringMVC'
 [WARN] [2016-10-10 10:08:24][org.springframework.web.servlet.PageNotFound]No mapping found for HTTP request with URI [/storm/jsp/main/bootstrap/js/bootstrap.min.js] in DispatcherServlet with name 'SpringMVC'
 [WARN] [2016-10-10 10:08:56][org.springframework.web.servlet.PageNotFound]No mapping found for HTTP request with URI [/storm/bootstrap/js/bootstrap.min.js] in DispatcherServlet with name 'SpringMVC'
 [WARN] [2016-10-10 10:08:56][org.springframework.web.servlet.PageNotFound]No mapping found for HTTP request with URI [/storm/bootstrap/js/bootstrap.min.js] in DispatcherServlet with name 'SpringMVC'
 [WARN] [2016-10-10 10:09:36][org.springframework.web.servlet.PageNotFound]No mapping found for HTTP request with URI [/storm/bootstrap/js/bootstrap.min.js] in DispatcherServlet with name 'SpringMVC'
 [WARN] [2016-10-10 10:09:36][org.springframework.web.servlet.PageNotFound]No mapping found for HTTP request with URI [/storm/bootstrap/js/bootstrap.min.js] in DispatcherServlet with name 'SpringMVC'
 [WARN] [2016-10-10 10:11:38][org.springframework.web.servlet.PageNotFound]No mapping found for HTTP request with URI [/storm/bootstrap/js/bootstrap.min.js] in DispatcherServlet with name 'SpringMVC'
 [WARN] [2016-10-10 10:11:38][org.springframework.web.servlet.PageNotFound]No mapping found for HTTP request with URI [/storm/bootstrap/js/bootstrap.min.js] in DispatcherServlet with name 'SpringMVC'
 [WARN] [2016-10-10 10:13:18][org.springframework.web.servlet.PageNotFound]No mapping found for HTTP request with URI [/storm/jsp/bootstrap/js/bootstrap.min.js] in DispatcherServlet with name 'SpringMVC'
 [WARN] [2016-10-10 10:13:18][org.springframework.web.servlet.PageNotFound]No mapping found for HTTP request with URI [/storm/jsp/bootstrap/js/bootstrap.min.js] in DispatcherServlet with name 'SpringMVC'
 [WARN] [2016-10-10 10:13:26][org.springframework.web.servlet.PageNotFound]No mapping found for HTTP request with URI [/storm/jsp/bootstrap/js/bootstrap.min.js] in DispatcherServlet with name 'SpringMVC'
 [WARN] [2016-10-10 10:13:26][org.springframework.web.servlet.PageNotFound]No mapping found for HTTP request with URI [/storm/jsp/bootstrap/js/bootstrap.min.js] in DispatcherServlet with name 'SpringMVC'
 [WARN] [2016-10-10 10:13:43][org.springframework.web.servlet.PageNotFound]No mapping found for HTTP request with URI [/storm/jsp/main/.../bootstrap/js/bootstrap.min.js] in DispatcherServlet with name 'SpringMVC'
 [WARN] [2016-10-10 10:13:44][org.springframework.web.servlet.PageNotFound]No mapping found for HTTP request with URI [/storm/jsp/main/.../bootstrap/js/bootstrap.min.js] in DispatcherServlet with name 'SpringMVC'
 [WARN] [2016-10-10 10:13:57][org.springframework.web.servlet.PageNotFound]No mapping found for HTTP request with URI [/storm/jsp/bootstrap/js/bootstrap.min.js] in DispatcherServlet with name 'SpringMVC'
 [WARN] [2016-10-10 10:13:57][org.springframework.web.servlet.PageNotFound]No mapping found for HTTP request with URI [/storm/jsp/bootstrap/js/bootstrap.min.js] in DispatcherServlet with name 'SpringMVC'
 [WARN] [2016-10-10 10:14:15][org.springframework.web.servlet.PageNotFound]No mapping found for HTTP request with URI [/storm/jsp/bootstrap/js/bootstrap.min.js] in DispatcherServlet with name 'SpringMVC'
 [WARN] [2016-10-10 10:17:22][org.springframework.web.servlet.PageNotFound]No mapping found for HTTP request with URI [/storm/bootstrap/js/bootstrap.min.js] in DispatcherServlet with name 'SpringMVC'
 [WARN] [2016-10-10 10:17:22][org.springframework.web.servlet.PageNotFound]No mapping found for HTTP request with URI [/storm/bootstrap/js/bootstrap.min.js] in DispatcherServlet with name 'SpringMVC'
 [WARN] [2016-10-10 10:17:34][org.springframework.web.servlet.PageNotFound]No mapping found for HTTP request with URI [/storm/bootstrap/js/bootstrap.min.js] in DispatcherServlet with name 'SpringMVC'
 [WARN] [2016-10-10 10:18:58][org.springframework.web.servlet.PageNotFound]No mapping found for HTTP request with URI [/storm/bootstrap/js/bootstrap.min.js] in DispatcherServlet with name 'SpringMVC'
 [WARN] [2016-10-10 10:22:30][org.springframework.web.servlet.PageNotFound]No mapping found for HTTP request with URI [/storm/bootstrap/js/bootstrap.min.js] in DispatcherServlet with name 'SpringMVC'
 [WARN] [2016-10-10 10:22:30][org.springframework.web.servlet.PageNotFound]No mapping found for HTTP request with URI [/storm/bootstrap/js/bootstrap.min.js] in DispatcherServlet with name 'SpringMVC'
 [WARN] [2016-10-10 10:23:40][org.springframework.web.servlet.PageNotFound]No mapping found for HTTP request with URI [/storm/bootstrap/js/bootstrap.min.js] in DispatcherServlet with name 'SpringMVC'
 [WARN] [2016-10-10 10:23:41][org.springframework.web.servlet.PageNotFound]No mapping found for HTTP request with URI [/storm/bootstrap/js/bootstrap.min.js] in DispatcherServlet with name 'SpringMVC'
 [INFO] [2016-10-10 10:29:02][org.springframework.web.context.ContextLoader]Root WebApplicationContext: initialization started
 [INFO] [2016-10-10 10:29:02][org.springframework.web.context.support.XmlWebApplicationContext]Refreshing Root WebApplicationContext: startup date [Mon Oct 10 10:29:02 CST 2016]; root of context hierarchy
 [INFO] [2016-10-10 10:29:02][org.springframework.beans.factory.xml.XmlBeanDefinitionReader]Loading XML bean definitions from class path resource [spring-mybatis.xml]
 [INFO] [2016-10-10 10:29:03][org.springframework.beans.factory.config.PropertyPlaceholderConfigurer]Loading properties file from class path resource [jdbc.properties]
 [INFO] [2016-10-10 10:29:03][org.springframework.beans.factory.annotation.AutowiredAnnotationBeanPostProcessor]JSR-330 'javax.inject.Inject' annotation found and supported for autowiring
 [INFO] [2016-10-10 10:29:03][org.springframework.web.context.ContextLoader]Root WebApplicationContext: initialization completed in 1764 ms
 [INFO] [2016-10-10 10:29:04][org.springframework.web.servlet.DispatcherServlet]FrameworkServlet 'SpringMVC': initialization started
 [INFO] [2016-10-10 10:29:04][org.springframework.web.context.support.XmlWebApplicationContext]Refreshing WebApplicationContext for namespace 'SpringMVC-servlet': startup date [Mon Oct 10 10:29:04 CST 2016]; parent: Root WebApplicationContext
 [INFO] [2016-10-10 10:29:04][org.springframework.beans.factory.xml.XmlBeanDefinitionReader]Loading XML bean definitions from class path resource [spring-mvc.xml]
 [INFO] [2016-10-10 10:29:04][org.springframework.beans.factory.annotation.AutowiredAnnotationBeanPostProcessor]JSR-330 'javax.inject.Inject' annotation found and supported for autowiring
 [INFO] [2016-10-10 10:29:05][org.springframework.web.servlet.mvc.annotation.DefaultAnnotationHandlerMapping]Mapped URL path [/user/showUser] onto handler 'userController'
 [INFO] [2016-10-10 10:29:05][org.springframework.web.servlet.mvc.annotation.DefaultAnnotationHandlerMapping]Mapped URL path [/user/showUser.*] onto handler 'userController'
 [INFO] [2016-10-10 10:29:05][org.springframework.web.servlet.mvc.annotation.DefaultAnnotationHandlerMapping]Mapped URL path [/user/showUser/] onto handler 'userController'
 [INFO] [2016-10-10 10:29:05][org.springframework.web.servlet.mvc.annotation.DefaultAnnotationHandlerMapping]Mapped URL path [/login/getLogin] onto handler 'loginAction'
 [INFO] [2016-10-10 10:29:05][org.springframework.web.servlet.mvc.annotation.DefaultAnnotationHandlerMapping]Mapped URL path [/login/getLogin.*] onto handler 'loginAction'
 [INFO] [2016-10-10 10:29:05][org.springframework.web.servlet.mvc.annotation.DefaultAnnotationHandlerMapping]Mapped URL path [/login/getLogin/] onto handler 'loginAction'
 [INFO] [2016-10-10 10:29:05][org.springframework.web.servlet.DispatcherServlet]FrameworkServlet 'SpringMVC': initialization completed in 936 ms
 [WARN] [2016-10-10 10:29:13][org.springframework.web.servlet.PageNotFound]No mapping found for HTTP request with URI [/storm/jsp/main/left.jsp] in DispatcherServlet with name 'SpringMVC'
 [WARN] [2016-10-10 10:29:57][org.springframework.web.servlet.PageNotFound]No mapping found for HTTP request with URI [/storm/jsp/main/left.jsp] in DispatcherServlet with name 'SpringMVC'
 [INFO] [2016-10-10 10:30:23][org.springframework.web.context.ContextLoader]Root WebApplicationContext: initialization started
 [INFO] [2016-10-10 10:30:23][org.springframework.web.context.support.XmlWebApplicationContext]Refreshing Root WebApplicationContext: startup date [Mon Oct 10 10:30:23 CST 2016]; root of context hierarchy
 [INFO] [2016-10-10 10:30:23][org.springframework.beans.factory.xml.XmlBeanDefinitionReader]Loading XML bean definitions from class path resource [spring-mybatis.xml]
 [INFO] [2016-10-10 10:30:23][org.springframework.beans.factory.config.PropertyPlaceholderConfigurer]Loading properties file from class path resource [jdbc.properties]
 [INFO] [2016-10-10 10:30:23][org.springframework.beans.factory.annotation.AutowiredAnnotationBeanPostProcessor]JSR-330 'javax.inject.Inject' annotation found and supported for autowiring
 [INFO] [2016-10-10 10:30:24][org.springframework.web.context.ContextLoader]Root WebApplicationContext: initialization completed in 672 ms
 [INFO] [2016-10-10 10:30:24][org.springframework.web.servlet.DispatcherServlet]FrameworkServlet 'SpringMVC': initialization started
 [INFO] [2016-10-10 10:30:24][org.springframework.web.context.support.XmlWebApplicationContext]Refreshing WebApplicationContext for namespace 'SpringMVC-servlet': startup date [Mon Oct 10 10:30:24 CST 2016]; parent: Root WebApplicationContext
 [INFO] [2016-10-10 10:30:24][org.springframework.beans.factory.xml.XmlBeanDefinitionReader]Loading XML bean definitions from class path resource [spring-mvc.xml]
 [INFO] [2016-10-10 10:30:24][org.springframework.beans.factory.annotation.AutowiredAnnotationBeanPostProcessor]JSR-330 'javax.inject.Inject' annotation found and supported for autowiring
 [INFO] [2016-10-10 10:30:24][org.springframework.web.servlet.mvc.annotation.DefaultAnnotationHandlerMapping]Mapped URL path [/user/showUser] onto handler 'userController'
 [INFO] [2016-10-10 10:30:24][org.springframework.web.servlet.mvc.annotation.DefaultAnnotationHandlerMapping]Mapped URL path [/user/showUser.*] onto handler 'userController'
 [INFO] [2016-10-10 10:30:24][org.springframework.web.servlet.mvc.annotation.DefaultAnnotationHandlerMapping]Mapped URL path [/user/showUser/] onto handler 'userController'
 [INFO] [2016-10-10 10:30:24][org.springframework.web.servlet.mvc.annotation.DefaultAnnotationHandlerMapping]Mapped URL path [/login/getLogin] onto handler 'loginAction'
 [INFO] [2016-10-10 10:30:24][org.springframework.web.servlet.mvc.annotation.DefaultAnnotationHandlerMapping]Mapped URL path [/login/getLogin.*] onto handler 'loginAction'
 [INFO] [2016-10-10 10:30:24][org.springframework.web.servlet.mvc.annotation.DefaultAnnotationHandlerMapping]Mapped URL path [/login/getLogin/] onto handler 'loginAction'
 [INFO] [2016-10-10 10:30:24][org.springframework.web.servlet.DispatcherServlet]FrameworkServlet 'SpringMVC': initialization completed in 408 ms
 [INFO] [2016-10-10 10:32:46][org.springframework.web.context.ContextLoader]Root WebApplicationContext: initialization started
 [INFO] [2016-10-10 10:32:46][org.springframework.web.context.support.XmlWebApplicationContext]Refreshing Root WebApplicationContext: startup date [Mon Oct 10 10:32:46 CST 2016]; root of context hierarchy
 [INFO] [2016-10-10 10:32:46][org.springframework.beans.factory.xml.XmlBeanDefinitionReader]Loading XML bean definitions from class path resource [spring-mybatis.xml]
 [INFO] [2016-10-10 10:32:47][org.springframework.beans.factory.config.PropertyPlaceholderConfigurer]Loading properties file from class path resource [jdbc.properties]
 [INFO] [2016-10-10 10:32:47][org.springframework.beans.factory.annotation.AutowiredAnnotationBeanPostProcessor]JSR-330 'javax.inject.Inject' annotation found and supported for autowiring
 [INFO] [2016-10-10 10:32:47][org.springframework.web.context.ContextLoader]Root WebApplicationContext: initialization completed in 682 ms
 [INFO] [2016-10-10 10:32:47][org.springframework.web.servlet.DispatcherServlet]FrameworkServlet 'SpringMVC': initialization started
 [INFO] [2016-10-10 10:32:47][org.springframework.web.context.support.XmlWebApplicationContext]Refreshing WebApplicationContext for namespace 'SpringMVC-servlet': startup date [Mon Oct 10 10:32:47 CST 2016]; parent: Root WebApplicationContext
 [INFO] [2016-10-10 10:32:47][org.springframework.beans.factory.xml.XmlBeanDefinitionReader]Loading XML bean definitions from class path resource [spring-mvc.xml]
 [INFO] [2016-10-10 10:32:47][org.springframework.beans.factory.annotation.AutowiredAnnotationBeanPostProcessor]JSR-330 'javax.inject.Inject' annotation found and supported for autowiring
 [INFO] [2016-10-10 10:32:47][org.springframework.web.servlet.mvc.annotation.DefaultAnnotationHandlerMapping]Mapped URL path [/user/showUser] onto handler 'userController'
 [INFO] [2016-10-10 10:32:47][org.springframework.web.servlet.mvc.annotation.DefaultAnnotationHandlerMapping]Mapped URL path [/user/showUser.*] onto handler 'userController'
 [INFO] [2016-10-10 10:32:47][org.springframework.web.servlet.mvc.annotation.DefaultAnnotationHandlerMapping]Mapped URL path [/user/showUser/] onto handler 'userController'
 [INFO] [2016-10-10 10:32:47][org.springframework.web.servlet.mvc.annotation.DefaultAnnotationHandlerMapping]Mapped URL path [/login/getLogin] onto handler 'loginAction'
 [INFO] [2016-10-10 10:32:47][org.springframework.web.servlet.mvc.annotation.DefaultAnnotationHandlerMapping]Mapped URL path [/login/getLogin.*] onto handler 'loginAction'
 [INFO] [2016-10-10 10:32:47][org.springframework.web.servlet.mvc.annotation.DefaultAnnotationHandlerMapping]Mapped URL path [/login/getLogin/] onto handler 'loginAction'
 [INFO] [2016-10-10 10:32:47][org.springframework.web.servlet.DispatcherServlet]FrameworkServlet 'SpringMVC': initialization completed in 444 ms
 [INFO] [2016-10-10 10:35:16][org.springframework.web.context.ContextLoader]Root WebApplicationContext: initialization started
 [INFO] [2016-10-10 10:35:16][org.springframework.web.context.support.XmlWebApplicationContext]Refreshing Root WebApplicationContext: startup date [Mon Oct 10 10:35:16 CST 2016]; root of context hierarchy
 [INFO] [2016-10-10 10:35:16][org.springframework.beans.factory.xml.XmlBeanDefinitionReader]Loading XML bean definitions from class path resource [spring-mybatis.xml]
 [INFO] [2016-10-10 10:35:16][org.springframework.beans.factory.config.PropertyPlaceholderConfigurer]Loading properties file from class path resource [jdbc.properties]
 [INFO] [2016-10-10 10:35:16][org.springframework.beans.factory.annotation.AutowiredAnnotationBeanPostProcessor]JSR-330 'javax.inject.Inject' annotation found and supported for autowiring
 [INFO] [2016-10-10 10:35:16][org.springframework.web.context.ContextLoader]Root WebApplicationContext: initialization completed in 655 ms
 [INFO] [2016-10-10 10:35:16][org.springframework.web.servlet.DispatcherServlet]FrameworkServlet 'SpringMVC': initialization started
 [INFO] [2016-10-10 10:35:16][org.springframework.web.context.support.XmlWebApplicationContext]Refreshing WebApplicationContext for namespace 'SpringMVC-servlet': startup date [Mon Oct 10 10:35:16 CST 2016]; parent: Root WebApplicationContext
 [INFO] [2016-10-10 10:35:16][org.springframework.beans.factory.xml.XmlBeanDefinitionReader]Loading XML bean definitions from class path resource [spring-mvc.xml]
 [INFO] [2016-10-10 10:35:17][org.springframework.beans.factory.annotation.AutowiredAnnotationBeanPostProcessor]JSR-330 'javax.inject.Inject' annotation found and supported for autowiring
 [INFO] [2016-10-10 10:35:17][org.springframework.web.servlet.mvc.annotation.DefaultAnnotationHandlerMapping]Mapped URL path [/user/showUser] onto handler 'userController'
 [INFO] [2016-10-10 10:35:17][org.springframework.web.servlet.mvc.annotation.DefaultAnnotationHandlerMapping]Mapped URL path [/user/showUser.*] onto handler 'userController'
 [INFO] [2016-10-10 10:35:17][org.springframework.web.servlet.mvc.annotation.DefaultAnnotationHandlerMapping]Mapped URL path [/user/showUser/] onto handler 'userController'
 [INFO] [2016-10-10 10:35:17][org.springframework.web.servlet.mvc.annotation.DefaultAnnotationHandlerMapping]Mapped URL path [/login/getLogin] onto handler 'loginAction'
 [INFO] [2016-10-10 10:35:17][org.springframework.web.servlet.mvc.annotation.DefaultAnnotationHandlerMapping]Mapped URL path [/login/getLogin.*] onto handler 'loginAction'
 [INFO] [2016-10-10 10:35:17][org.springframework.web.servlet.mvc.annotation.DefaultAnnotationHandlerMapping]Mapped URL path [/login/getLogin/] onto handler 'loginAction'
 [INFO] [2016-10-10 10:35:17][org.springframework.web.servlet.DispatcherServlet]FrameworkServlet 'SpringMVC': initialization completed in 573 ms
 [INFO] [2016-10-10 10:41:09][org.springframework.web.context.ContextLoader]Root WebApplicationContext: initialization started
 [INFO] [2016-10-10 10:41:09][org.springframework.web.context.support.XmlWebApplicationContext]Refreshing Root WebApplicationContext: startup date [Mon Oct 10 10:41:09 CST 2016]; root of context hierarchy
 [INFO] [2016-10-10 10:41:09][org.springframework.beans.factory.xml.XmlBeanDefinitionReader]Loading XML bean definitions from class path resource [spring-mybatis.xml]
 [INFO] [2016-10-10 10:41:09][org.springframework.beans.factory.config.PropertyPlaceholderConfigurer]Loading properties file from class path resource [jdbc.properties]
 [INFO] [2016-10-10 10:41:09][org.springframework.beans.factory.annotation.AutowiredAnnotationBeanPostProcessor]JSR-330 'javax.inject.Inject' annotation found and supported for autowiring
 [INFO] [2016-10-10 10:41:10][org.springframework.web.context.ContextLoader]Root WebApplicationContext: initialization completed in 706 ms
 [INFO] [2016-10-10 10:41:10][org.springframework.web.servlet.DispatcherServlet]FrameworkServlet 'SpringMVC': initialization started
 [INFO] [2016-10-10 10:41:10][org.springframework.web.context.support.XmlWebApplicationContext]Refreshing WebApplicationContext for namespace 'SpringMVC-servlet': startup date [Mon Oct 10 10:41:10 CST 2016]; parent: Root WebApplicationContext
 [INFO] [2016-10-10 10:41:10][org.springframework.beans.factory.xml.XmlBeanDefinitionReader]Loading XML bean definitions from class path resource [spring-mvc.xml]
 [INFO] [2016-10-10 10:41:10][org.springframework.beans.factory.annotation.AutowiredAnnotationBeanPostProcessor]JSR-330 'javax.inject.Inject' annotation found and supported for autowiring
 [INFO] [2016-10-10 10:41:10][org.springframework.web.servlet.mvc.annotation.DefaultAnnotationHandlerMapping]Mapped URL path [/user/showUser] onto handler 'userController'
 [INFO] [2016-10-10 10:41:10][org.springframework.web.servlet.mvc.annotation.DefaultAnnotationHandlerMapping]Mapped URL path [/user/showUser.*] onto handler 'userController'
 [INFO] [2016-10-10 10:41:10][org.springframework.web.servlet.mvc.annotation.DefaultAnnotationHandlerMapping]Mapped URL path [/user/showUser/] onto handler 'userController'
 [INFO] [2016-10-10 10:41:10][org.springframework.web.servlet.mvc.annotation.DefaultAnnotationHandlerMapping]Mapped URL path [/login/getLogin] onto handler 'loginAction'
 [INFO] [2016-10-10 10:41:10][org.springframework.web.servlet.mvc.annotation.DefaultAnnotationHandlerMapping]Mapped URL path [/login/getLogin.*] onto handler 'loginAction'
 [INFO] [2016-10-10 10:41:10][org.springframework.web.servlet.mvc.annotation.DefaultAnnotationHandlerMapping]Mapped URL path [/login/getLogin/] onto handler 'loginAction'
 [INFO] [2016-10-10 10:41:10][org.springframework.web.servlet.DispatcherServlet]FrameworkServlet 'SpringMVC': initialization completed in 400 ms
 [INFO] [2016-10-18 16:09:35][org.springframework.context.support.ClassPathXmlApplicationContext]Refreshing org.springframework.context.support.ClassPathXmlApplicationContext@4fc7a9fc: startup date [Tue Oct 18 16:09:35 CST 2016]; root of context hierarchy
 [INFO] [2016-10-18 16:09:36][org.springframework.beans.factory.xml.XmlBeanDefinitionReader]Loading XML bean definitions from class path resource [applicationContext.xml]
 